Using pre-set license
Built from '2021.3/staging' branch; Version is '2021.3.9f1 (ad3870b89536) revision 11352176'; Using compiler version '192829333'; Build Type 'Release'
OS: 'Windows 11  (10.0.22000) 64bit Core' Language: 'fr' Physical Memory: 7934 MB
BatchMode: 1, IsHumanControllingUs: 0, StartBugReporterOnCrash: 0, Is64bit: 1, IsPro: 1

COMMAND LINE ARGUMENTS:
C:\Program Files\Unity\Hub\Editor\2021.3.9f1\Editor\Unity.exe
-adb2
-batchMode
-noUpm
-name
AssetImportWorker0
-projectPath
C:/Users/roman/OneDrive/Documents/GitHub/VR-Project-SB2.4
-logFile
Logs/AssetImportWorker0.log
-srvPort
64937
Successfully changed project path to: C:/Users/roman/OneDrive/Documents/GitHub/VR-Project-SB2.4
C:/Users/roman/OneDrive/Documents/GitHub/VR-Project-SB2.4
[UnityMemory] Configuration Parameters - Can be set up in boot.config
    "memorysetup-bucket-allocator-granularity=16"
    "memorysetup-bucket-allocator-bucket-count=8"
    "memorysetup-bucket-allocator-block-size=33554432"
    "memorysetup-bucket-allocator-block-count=8"
    "memorysetup-main-allocator-block-size=16777216"
    "memorysetup-thread-allocator-block-size=16777216"
    "memorysetup-gfx-main-allocator-block-size=16777216"
    "memorysetup-gfx-thread-allocator-block-size=16777216"
    "memorysetup-cache-allocator-block-size=4194304"
    "memorysetup-typetree-allocator-block-size=2097152"
    "memorysetup-profiler-bucket-allocator-granularity=16"
    "memorysetup-profiler-bucket-allocator-bucket-count=8"
    "memorysetup-profiler-bucket-allocator-block-size=33554432"
    "memorysetup-profiler-bucket-allocator-block-count=8"
    "memorysetup-profiler-allocator-block-size=16777216"
    "memorysetup-profiler-editor-allocator-block-size=1048576"
    "memorysetup-temp-allocator-size-main=16777216"
    "memorysetup-job-temp-allocator-block-size=2097152"
    "memorysetup-job-temp-allocator-block-size-background=1048576"
    "memorysetup-job-temp-allocator-reduction-small-platforms=262144"
    "memorysetup-temp-allocator-size-background-worker=32768"
    "memorysetup-temp-allocator-size-job-worker=262144"
    "memorysetup-temp-allocator-size-preload-manager=33554432"
    "memorysetup-temp-allocator-size-nav-mesh-worker=65536"
    "memorysetup-temp-allocator-size-audio-worker=65536"
    "memorysetup-temp-allocator-size-cloud-worker=32768"
    "memorysetup-temp-allocator-size-gi-baking-worker=262144"
    "memorysetup-temp-allocator-size-gfx=262144"
Refreshing native plugins compatible for Editor in 221.50 ms, found 11 plugins.
Preloading 1 native plugins for Editor in 1.34 ms.
Initialize engine version: 2021.3.9f1 (ad3870b89536)
[Subsystems] Discovering subsystems at path C:/Program Files/Unity/Hub/Editor/2021.3.9f1/Editor/Data/Resources/UnitySubsystems
[Subsystems] Discovering subsystems at path C:/Users/roman/OneDrive/Documents/GitHub/VR-Project-SB2.4/Assets
GfxDevice: creating device client; threaded=0; jobified=0
Direct3D:
    Version:  Direct3D 11.0 [level 11.1]
    Renderer: Intel(R) Iris(R) Plus Graphics (ID=0x8a52)
    Vendor:   Intel
    VRAM:     3967 MB
    Driver:   30.0.100.9864
Initialize mono
Mono path[0] = 'C:/Program Files/Unity/Hub/Editor/2021.3.9f1/Editor/Data/Managed'
Mono path[1] = 'C:/Program Files/Unity/Hub/Editor/2021.3.9f1/Editor/Data/MonoBleedingEdge/lib/mono/unityjit-win32'
Mono config path = 'C:/Program Files/Unity/Hub/Editor/2021.3.9f1/Editor/Data/MonoBleedingEdge/etc'
Using monoOptions --debugger-agent=transport=dt_socket,embedding=1,server=y,suspend=n,address=127.0.0.1:56000
Begin MonoManager ReloadAssembly
Registering precompiled unity dll's ...
Register platform support module: C:/Program Files/Unity/Hub/Editor/2021.3.9f1/Editor/Data/PlaybackEngines/WebGLSupport/UnityEditor.WebGL.Extensions.dll
Register platform support module: C:/Program Files/Unity/Hub/Editor/2021.3.9f1/Editor/Data/PlaybackEngines/WindowsStandaloneSupport/UnityEditor.WindowsStandalone.Extensions.dll
Registered in 0.369249 seconds.
Native extension for WindowsStandalone target not found
Native extension for WebGL target not found
Refreshing native plugins compatible for Editor in 127.04 ms, found 11 plugins.
Preloading 1 native plugins for Editor in 0.11 ms.
Mono: successfully reloaded assembly
- Completed reload, in  9.875 seconds
Domain Reload Profiling:
	ReloadAssembly (9875ms)
		BeginReloadAssembly (8646ms)
			ExecutionOrderSort (0ms)
			DisableScriptedObjects (0ms)
			BackupInstance (0ms)
			ReleaseScriptingObjects (0ms)
			CreateAndSetChildDomain (1ms)
		EndReloadAssembly (696ms)
			LoadAssemblies (8726ms)
			RebuildTransferFunctionScriptingTraits (0ms)
			SetupTypeCache (123ms)
			ReleaseScriptCaches (0ms)
			RebuildScriptCaches (29ms)
			SetupLoadedEditorAssemblies (401ms)
				LogAssemblyErrors (0ms)
				InitializePlatformSupportModulesInManaged (12ms)
				SetLoadedEditorAssemblies (0ms)
				RefreshPlugins (127ms)
				BeforeProcessingInitializeOnLoad (1ms)
				ProcessInitializeOnLoadAttributes (211ms)
				ProcessInitializeOnLoadMethodAttributes (50ms)
				AfterProcessingInitializeOnLoad (0ms)
				EditorAssembliesLoaded (0ms)
			ExecutionOrderSort2 (0ms)
			AwakeInstancesAfterBackupRestoration (0ms)
Platform modules already initialized, skipping
Registering precompiled user dll's ...
Registered in 0.012177 seconds.
Begin MonoManager ReloadAssembly
Symbol file LoadedFromMemory doesn't match image C:\Users\roman\OneDrive\Documents\GitHub\VR-Project-SB2.4\Library\PackageCache\com.unity.visualscripting@1.7.8\Editor\VisualScripting.Core\Dependencies\DotNetZip\Unity.VisualScripting.IonicZip.dll
Symbol file LoadedFromMemory doesn't match image C:\Users\roman\OneDrive\Documents\GitHub\VR-Project-SB2.4\Library\PackageCache\com.unity.visualscripting@1.7.8\Editor\VisualScripting.Core\Dependencies\YamlDotNet\Unity.VisualScripting.YamlDotNet.dll
Native extension for WindowsStandalone target not found
Native extension for WebGL target not found
Refreshing native plugins compatible for Editor in 239.37 ms, found 11 plugins.
Preloading 1 native plugins for Editor in 0.29 ms.
Package Manager log level set to [2]
System.Reflection.TargetInvocationException: Exception has been thrown by the target of an invocation. ---> System.NullReferenceException: Object reference not set to an instance of an object
  at Unity.XR.Oculus.OculusLoader.AssetPathToAbsolutePath (System.String assetPath) [0x0003d] in C:\Users\roman\OneDrive\Documents\GitHub\VR-Project-SB2.4\Library\PackageCache\com.unity.xr.oculus@3.0.2\Runtime\OculusLoader.cs:271 
  at Unity.XR.Oculus.OculusLoader.EditorLoadOVRPlugin () [0x0007b] in C:\Users\roman\OneDrive\Documents\GitHub\VR-Project-SB2.4\Library\PackageCache\com.unity.xr.oculus@3.0.2\Runtime\OculusLoader.cs:256 
  at (wrapper managed-to-native) System.Reflection.RuntimeMethodInfo.InternalInvoke(System.Reflection.RuntimeMethodInfo,object,object[],System.Exception&)
  at System.Reflection.RuntimeMethodInfo.Invoke (System.Object obj, System.Reflection.BindingFlags invokeAttr, System.Reflection.Binder binder, System.Object[] parameters, System.Globalization.CultureInfo culture) [0x0006a] in <9aad1b3a47484d63ba2b3985692d80e9>:0 
   --- End of inner exception stack trace ---
  at System.Reflection.RuntimeMethodInfo.Invoke (System.Object obj, System.Reflection.BindingFlags invokeAttr, System.Reflection.Binder binder, System.Object[] parameters, System.Globalization.CultureInfo culture) [0x00083] in <9aad1b3a47484d63ba2b3985692d80e9>:0 
  at System.Reflection.MethodBase.Invoke (System.Object obj, System.Object[] parameters) [0x00000] in <9aad1b3a47484d63ba2b3985692d80e9>:0 
  at UnityEditor.EditorAssemblies.ProcessInitializeOnLoadMethodAttributes () [0x000a5] in <0d6ce211ebbc47e1a35a84c3672ff58f>:0 
UnityEngine.StackTraceUtility:ExtractStackTrace ()
UnityEngine.DebugLogHandler:LogFormat (UnityEngine.LogType,UnityEngine.Object,string,object[])
UnityEngine.Logger:Log (UnityEngine.LogType,object)
UnityEngine.Debug:LogError (object)
UnityEditor.EditorAssemblies:ProcessInitializeOnLoadMethodAttributes ()

Mono: successfully reloaded assembly
- Completed reload, in  3.761 seconds
Domain Reload Profiling:
	ReloadAssembly (3763ms)
		BeginReloadAssembly (209ms)
			ExecutionOrderSort (0ms)
			DisableScriptedObjects (8ms)
			BackupInstance (0ms)
			ReleaseScriptingObjects (0ms)
			CreateAndSetChildDomain (31ms)
		EndReloadAssembly (3381ms)
			LoadAssemblies (239ms)
			RebuildTransferFunctionScriptingTraits (0ms)
			SetupTypeCache (488ms)
			ReleaseScriptCaches (1ms)
			RebuildScriptCaches (104ms)
			SetupLoadedEditorAssemblies (2478ms)
				LogAssemblyErrors (0ms)
				InitializePlatformSupportModulesInManaged (12ms)
				SetLoadedEditorAssemblies (0ms)
				RefreshPlugins (240ms)
				BeforeProcessingInitializeOnLoad (165ms)
				ProcessInitializeOnLoadAttributes (575ms)
				ProcessInitializeOnLoadMethodAttributes (1470ms)
				AfterProcessingInitializeOnLoad (15ms)
				EditorAssembliesLoaded (0ms)
			ExecutionOrderSort2 (0ms)
			AwakeInstancesAfterBackupRestoration (10ms)
Platform modules already initialized, skipping
========================================================================
Worker process is ready to serve import requests
Launched and connected shader compiler UnityShaderCompiler.exe after 0.18 seconds
Refreshing native plugins compatible for Editor in 2.39 ms, found 11 plugins.
Preloading 1 native plugins for Editor in 2.08 ms.
Unloading 4376 Unused Serialized files (Serialized files now loaded: 0)
Unloading 49 unused Assets / (112.5 KB). Loaded Objects now: 4819.
Memory consumption went from 151.7 MB to 151.6 MB.
Total: 6.917600 ms (FindLiveObjects: 0.694000 ms CreateObjectMapping: 0.504200 ms MarkObjects: 5.040600 ms  DeleteObjects: 0.676900 ms)

AssetImportParameters requested are different than current active one (requested -> active):
  custom:video-decoder-ogg-theora: a1e56fd34408186e4bbccfd4996cb3dc -> 
  custom:container-muxer-webm: aa71ff27fc2769a1b78a27578f13a17b -> 
  custom:container-demuxer-webm: 4f35f7cbe854078d1ac9338744f61a02 -> 
  custom:video-encoder-webm-vp8: eb34c28f22e8b96e1ab97ce403110664 -> 
  custom:video-codec-MediaFoundation-h265: 746d11721c4dcdbdad8f713fa42b33f4 -> 
  custom:audio-encoder-webm-vorbis: bf7c407c2cedff20999df2af8eb42d56 -> 
  custom:framework-win-MediaFoundation: 216162199b28c13a410421893ffa2e32 -> 
  custom:container-demuxer-ogg: 62fdf1f143b41e24485cea50d1cbac27 -> 
  custom:video-decoder-webm-vp8: 9c59270c3fd7afecdb556c50c9e8de78 -> 
  custom:audio-decoder-ogg-vorbis: bf7c407c2cedff20999df2af8eb42d56 -> 
========================================================================
Received Import Request.
  Time since last request: 1612.393554 seconds.
  path: Assets/FREE Food Pack/Textures/Food_Texture.png
  artifactKey: Guid(43377eaa5df746b4aae828047f51089c) Importer(815301076,1909f56bfc062723c751e8b465ee728b)
Start importing Assets/FREE Food Pack/Textures/Food_Texture.png using Guid(43377eaa5df746b4aae828047f51089c) Importer(815301076,1909f56bfc062723c751e8b465ee728b)  -> (artifact id: '2e23ead66d4f242f6ee6c8fd483dda8c') in 0.308032 seconds 
========================================================================
Received Import Request.
  Time since last request: 0.000045 seconds.
  path: Assets/FREE Food Pack/Prefabs/Pineapple.prefab
  artifactKey: Guid(80c29c7e0bd64654f8f59dda85e24897) Importer(815301076,1909f56bfc062723c751e8b465ee728b)
Start importing Assets/FREE Food Pack/Prefabs/Pineapple.prefab using Guid(80c29c7e0bd64654f8f59dda85e24897) Importer(815301076,1909f56bfc062723c751e8b465ee728b)  -> (artifact id: '22ac4af135a68180006cbb0d983d4ee1') in 0.898087 seconds 
========================================================================
Received Import Request.
  Time since last request: 0.044723 seconds.
  path: Assets/FREE Food Pack/Prefabs/Wine_Bottle.prefab
  artifactKey: Guid(c48a3ebf277ae9f46bc06489f5850636) Importer(815301076,1909f56bfc062723c751e8b465ee728b)
Start importing Assets/FREE Food Pack/Prefabs/Wine_Bottle.prefab using Guid(c48a3ebf277ae9f46bc06489f5850636) Importer(815301076,1909f56bfc062723c751e8b465ee728b)  -> (artifact id: '12346df55f72ce3775da2da1a3ea1610') in 0.554179 seconds 
========================================================================
Received Import Request.
  Time since last request: 0.000061 seconds.
  path: Assets/FREE Food Pack/Prefabs/Chicken.prefab
  artifactKey: Guid(6e2574af69e1ddd4497a11adb45777a1) Importer(815301076,1909f56bfc062723c751e8b465ee728b)
Start importing Assets/FREE Food Pack/Prefabs/Chicken.prefab using Guid(6e2574af69e1ddd4497a11adb45777a1) Importer(815301076,1909f56bfc062723c751e8b465ee728b)  -> (artifact id: '4eae558a903267172a3ebfb393c89c53') in 0.048848 seconds 
========================================================================
Received Import Request.
  Time since last request: 0.000075 seconds.
  path: Assets/FREE Food Pack/Materials/Floor.mat
  artifactKey: Guid(a885bf29c6806f946a4d43172b62b0af) Importer(815301076,1909f56bfc062723c751e8b465ee728b)
Start importing Assets/FREE Food Pack/Materials/Floor.mat using Guid(a885bf29c6806f946a4d43172b62b0af) Importer(815301076,1909f56bfc062723c751e8b465ee728b)  -> (artifact id: 'eccce1bad2655c6052b58cd2c6f0b741') in 0.973029 seconds 
========================================================================
Received Import Request.
  Time since last request: 0.000059 seconds.
  path: Assets/FREE Food Pack/Prefabs/Gyoza.prefab
  artifactKey: Guid(d42d1e0069f8f9d4f893cba184403ce4) Importer(815301076,1909f56bfc062723c751e8b465ee728b)
Start importing Assets/FREE Food Pack/Prefabs/Gyoza.prefab using Guid(d42d1e0069f8f9d4f893cba184403ce4) Importer(815301076,1909f56bfc062723c751e8b465ee728b)  -> (artifact id: '17e71cefafd20558b2290657a7a3b399') in 0.094757 seconds 
========================================================================
Received Import Request.
  Time since last request: 0.000061 seconds.
  path: Assets/FREE Food Pack/Prefabs/Drink_02.prefab
  artifactKey: Guid(4f544c14cf326b843a5f07e7de41640e) Importer(815301076,1909f56bfc062723c751e8b465ee728b)
Start importing Assets/FREE Food Pack/Prefabs/Drink_02.prefab using Guid(4f544c14cf326b843a5f07e7de41640e) Importer(815301076,1909f56bfc062723c751e8b465ee728b)  -> (artifact id: '7f827c66405a9fc545facb70c7638433') in 0.110106 seconds 
========================================================================
Received Import Request.
  Time since last request: 0.000058 seconds.
  path: Assets/FREE Food Pack/Prefabs/Pepper.prefab
  artifactKey: Guid(789e3e78d5881e844ba2a11afa41cbde) Importer(815301076,1909f56bfc062723c751e8b465ee728b)
Start importing Assets/FREE Food Pack/Prefabs/Pepper.prefab using Guid(789e3e78d5881e844ba2a11afa41cbde) Importer(815301076,1909f56bfc062723c751e8b465ee728b)  -> (artifact id: '68a95de777f45e146f2e9b30f58851b2') in 0.103392 seconds 
========================================================================
Received Import Request.
  Time since last request: 0.000039 seconds.
  path: Assets/FREE Food Pack/Prefabs/Steak_Cooked.prefab
  artifactKey: Guid(0b2c2c6617d3fb54ab69e7ff4da40867) Importer(815301076,1909f56bfc062723c751e8b465ee728b)
Start importing Assets/FREE Food Pack/Prefabs/Steak_Cooked.prefab using Guid(0b2c2c6617d3fb54ab69e7ff4da40867) Importer(815301076,1909f56bfc062723c751e8b465ee728b)  -> (artifact id: '8b74ee95691b57a17109ce3753c2a11a') in 0.074885 seconds 
========================================================================
Received Import Request.
  Time since last request: 0.000062 seconds.
  path: Assets/FREE Food Pack/Prefabs/IceCream.prefab
  artifactKey: Guid(308c89097ca814e44b0ff03d3c0c633b) Importer(815301076,1909f56bfc062723c751e8b465ee728b)
Start importing Assets/FREE Food Pack/Prefabs/IceCream.prefab using Guid(308c89097ca814e44b0ff03d3c0c633b) Importer(815301076,1909f56bfc062723c751e8b465ee728b)  -> (artifact id: 'dcf9913ec7c3530047ae43d1bbaea6f7') in 0.048421 seconds 
========================================================================
Received Import Request.
  Time since last request: 0.000063 seconds.
  path: Assets/FREE Food Pack/Materials/Food_Fresnel.mat
  artifactKey: Guid(dd4330fb196ead84ea9d14e6bbbe8ed5) Importer(815301076,1909f56bfc062723c751e8b465ee728b)
Start importing Assets/FREE Food Pack/Materials/Food_Fresnel.mat using Guid(dd4330fb196ead84ea9d14e6bbbe8ed5) Importer(815301076,1909f56bfc062723c751e8b465ee728b)  -> (artifact id: 'e9b47d07a949f88455e5c6598c7c8585') in 0.161750 seconds 
========================================================================
Received Import Request.
  Time since last request: 0.000050 seconds.
  path: Assets/FREE Food Pack/Prefabs/Eclair_Chocolate.prefab
  artifactKey: Guid(c0c0fda6f19f74b48a689470425ef5a9) Importer(815301076,1909f56bfc062723c751e8b465ee728b)
Start importing Assets/FREE Food Pack/Prefabs/Eclair_Chocolate.prefab using Guid(c0c0fda6f19f74b48a689470425ef5a9) Importer(815301076,1909f56bfc062723c751e8b465ee728b)  -> (artifact id: '848b6a342ff3fe56e898151e40f2b6e8') in 0.051873 seconds 
========================================================================
Received Import Request.
  Time since last request: 0.000068 seconds.
  path: Assets/FREE Food Pack/Prefabs/Rice_Bowl.prefab
  artifactKey: Guid(50147d929fb926b4eb555a4d0b89ab60) Importer(815301076,1909f56bfc062723c751e8b465ee728b)
Start importing Assets/FREE Food Pack/Prefabs/Rice_Bowl.prefab using Guid(50147d929fb926b4eb555a4d0b89ab60) Importer(815301076,1909f56bfc062723c751e8b465ee728b)  -> (artifact id: '8ca625596fb45f61c2b6ce42dbb58585') in 0.102498 seconds 
========================================================================
Received Import Request.
  Time since last request: 0.000074 seconds.
  path: Assets/FREE Food Pack/Prefabs/Chili.prefab
  artifactKey: Guid(a2a488e7caca6bd4280bf13b8e973858) Importer(815301076,1909f56bfc062723c751e8b465ee728b)
Start importing Assets/FREE Food Pack/Prefabs/Chili.prefab using Guid(a2a488e7caca6bd4280bf13b8e973858) Importer(815301076,1909f56bfc062723c751e8b465ee728b)  -> (artifact id: '8eaae6b2bab01865e7b03c4a920f926a') in 0.113891 seconds 
========================================================================
Received Import Request.
  Time since last request: 0.000120 seconds.
  path: Assets/FREE Food Pack/Prefabs/Onion.prefab
  artifactKey: Guid(097013ceeb8052648be3891c0984df9a) Importer(815301076,1909f56bfc062723c751e8b465ee728b)
Start importing Assets/FREE Food Pack/Prefabs/Onion.prefab using Guid(097013ceeb8052648be3891c0984df9a) Importer(815301076,1909f56bfc062723c751e8b465ee728b)  -> (artifact id: 'dfe94a1e1384312c27bebb88b9c92f61') in 0.071317 seconds 
========================================================================
Received Import Request.
  Time since last request: 0.000352 seconds.
  path: Assets/FREE Food Pack/Prefabs/Salad.prefab
  artifactKey: Guid(196fe542ad163b149adf1ca04c19c753) Importer(815301076,1909f56bfc062723c751e8b465ee728b)
Start importing Assets/FREE Food Pack/Prefabs/Salad.prefab using Guid(196fe542ad163b149adf1ca04c19c753) Importer(815301076,1909f56bfc062723c751e8b465ee728b)  -> (artifact id: 'a6e8307ac650c4166bd368ee806acf06') in 0.095919 seconds 
========================================================================
Received Import Request.
  Time since last request: 0.000038 seconds.
  path: Assets/FREE Food Pack/Materials
  artifactKey: Guid(6e17dc5e72f19624cb025eff8b25d100) Importer(815301076,1909f56bfc062723c751e8b465ee728b)
Start importing Assets/FREE Food Pack/Materials using Guid(6e17dc5e72f19624cb025eff8b25d100) Importer(815301076,1909f56bfc062723c751e8b465ee728b)  -> (artifact id: '9b13c89f9164879f554b5157f0571a92') in 0.014212 seconds 
========================================================================
Received Import Request.
  Time since last request: 0.000063 seconds.
  path: Assets/FREE Food Pack/Prefabs/Tacos.prefab
  artifactKey: Guid(927b358a489fa874780f1278268d7bfb) Importer(815301076,1909f56bfc062723c751e8b465ee728b)
Start importing Assets/FREE Food Pack/Prefabs/Tacos.prefab using Guid(927b358a489fa874780f1278268d7bfb) Importer(815301076,1909f56bfc062723c751e8b465ee728b)  -> (artifact id: 'c4c49dcd35fc9ce2030757fc658ff02b') in 0.091122 seconds 
