Using pre-set license
Built from '2021.3/staging' branch; Version is '2021.3.9f1 (ad3870b89536) revision 11352176'; Using compiler version '192829333'; Build Type 'Release'
OS: 'Windows 11  (10.0.22000) 64bit Core' Language: 'fr' Physical Memory: 7934 MB
BatchMode: 1, IsHumanControllingUs: 0, StartBugReporterOnCrash: 0, Is64bit: 1, IsPro: 1

COMMAND LINE ARGUMENTS:
C:\Program Files\Unity\Hub\Editor\2021.3.9f1\Editor\Unity.exe
-adb2
-batchMode
-noUpm
-name
AssetImportWorker1
-projectPath
C:/Users/roman/OneDrive/Documents/GitHub/VR-Project-SB2.4
-logFile
Logs/AssetImportWorker1.log
-srvPort
64937
Successfully changed project path to: C:/Users/roman/OneDrive/Documents/GitHub/VR-Project-SB2.4
C:/Users/roman/OneDrive/Documents/GitHub/VR-Project-SB2.4
[UnityMemory] Configuration Parameters - Can be set up in boot.config
    "memorysetup-bucket-allocator-granularity=16"
    "memorysetup-bucket-allocator-bucket-count=8"
    "memorysetup-bucket-allocator-block-size=33554432"
    "memorysetup-bucket-allocator-block-count=8"
    "memorysetup-main-allocator-block-size=16777216"
    "memorysetup-thread-allocator-block-size=16777216"
    "memorysetup-gfx-main-allocator-block-size=16777216"
    "memorysetup-gfx-thread-allocator-block-size=16777216"
    "memorysetup-cache-allocator-block-size=4194304"
    "memorysetup-typetree-allocator-block-size=2097152"
    "memorysetup-profiler-bucket-allocator-granularity=16"
    "memorysetup-profiler-bucket-allocator-bucket-count=8"
    "memorysetup-profiler-bucket-allocator-block-size=33554432"
    "memorysetup-profiler-bucket-allocator-block-count=8"
    "memorysetup-profiler-allocator-block-size=16777216"
    "memorysetup-profiler-editor-allocator-block-size=1048576"
    "memorysetup-temp-allocator-size-main=16777216"
    "memorysetup-job-temp-allocator-block-size=2097152"
    "memorysetup-job-temp-allocator-block-size-background=1048576"
    "memorysetup-job-temp-allocator-reduction-small-platforms=262144"
    "memorysetup-temp-allocator-size-background-worker=32768"
    "memorysetup-temp-allocator-size-job-worker=262144"
    "memorysetup-temp-allocator-size-preload-manager=33554432"
    "memorysetup-temp-allocator-size-nav-mesh-worker=65536"
    "memorysetup-temp-allocator-size-audio-worker=65536"
    "memorysetup-temp-allocator-size-cloud-worker=32768"
    "memorysetup-temp-allocator-size-gi-baking-worker=262144"
    "memorysetup-temp-allocator-size-gfx=262144"
Refreshing native plugins compatible for Editor in 122.64 ms, found 11 plugins.
Preloading 1 native plugins for Editor in 1.25 ms.
Initialize engine version: 2021.3.9f1 (ad3870b89536)
[Subsystems] Discovering subsystems at path C:/Program Files/Unity/Hub/Editor/2021.3.9f1/Editor/Data/Resources/UnitySubsystems
[Subsystems] Discovering subsystems at path C:/Users/roman/OneDrive/Documents/GitHub/VR-Project-SB2.4/Assets
GfxDevice: creating device client; threaded=0; jobified=0
Direct3D:
    Version:  Direct3D 11.0 [level 11.1]
    Renderer: Intel(R) Iris(R) Plus Graphics (ID=0x8a52)
    Vendor:   Intel
    VRAM:     3967 MB
    Driver:   30.0.100.9864
Initialize mono
Mono path[0] = 'C:/Program Files/Unity/Hub/Editor/2021.3.9f1/Editor/Data/Managed'
Mono path[1] = 'C:/Program Files/Unity/Hub/Editor/2021.3.9f1/Editor/Data/MonoBleedingEdge/lib/mono/unityjit-win32'
Mono config path = 'C:/Program Files/Unity/Hub/Editor/2021.3.9f1/Editor/Data/MonoBleedingEdge/etc'
Using monoOptions --debugger-agent=transport=dt_socket,embedding=1,server=y,suspend=n,address=127.0.0.1:56260
Begin MonoManager ReloadAssembly
Registering precompiled unity dll's ...
Register platform support module: C:/Program Files/Unity/Hub/Editor/2021.3.9f1/Editor/Data/PlaybackEngines/WebGLSupport/UnityEditor.WebGL.Extensions.dll
Register platform support module: C:/Program Files/Unity/Hub/Editor/2021.3.9f1/Editor/Data/PlaybackEngines/WindowsStandaloneSupport/UnityEditor.WindowsStandalone.Extensions.dll
Registered in 0.369676 seconds.
Native extension for WindowsStandalone target not found
Native extension for WebGL target not found
Refreshing native plugins compatible for Editor in 121.28 ms, found 11 plugins.
Preloading 1 native plugins for Editor in 0.15 ms.
Mono: successfully reloaded assembly
- Completed reload, in  9.867 seconds
Domain Reload Profiling:
	ReloadAssembly (9867ms)
		BeginReloadAssembly (8645ms)
			ExecutionOrderSort (0ms)
			DisableScriptedObjects (0ms)
			BackupInstance (0ms)
			ReleaseScriptingObjects (0ms)
			CreateAndSetChildDomain (1ms)
		EndReloadAssembly (692ms)
			LoadAssemblies (8730ms)
			RebuildTransferFunctionScriptingTraits (0ms)
			SetupTypeCache (114ms)
			ReleaseScriptCaches (0ms)
			RebuildScriptCaches (29ms)
			SetupLoadedEditorAssemblies (400ms)
				LogAssemblyErrors (0ms)
				InitializePlatformSupportModulesInManaged (9ms)
				SetLoadedEditorAssemblies (0ms)
				RefreshPlugins (122ms)
				BeforeProcessingInitializeOnLoad (2ms)
				ProcessInitializeOnLoadAttributes (212ms)
				ProcessInitializeOnLoadMethodAttributes (54ms)
				AfterProcessingInitializeOnLoad (0ms)
				EditorAssembliesLoaded (0ms)
			ExecutionOrderSort2 (0ms)
			AwakeInstancesAfterBackupRestoration (0ms)
Platform modules already initialized, skipping
Registering precompiled user dll's ...
Registered in 0.015015 seconds.
Begin MonoManager ReloadAssembly
Symbol file LoadedFromMemory doesn't match image C:\Users\roman\OneDrive\Documents\GitHub\VR-Project-SB2.4\Library\PackageCache\com.unity.visualscripting@1.7.8\Editor\VisualScripting.Core\Dependencies\DotNetZip\Unity.VisualScripting.IonicZip.dll
Symbol file LoadedFromMemory doesn't match image C:\Users\roman\OneDrive\Documents\GitHub\VR-Project-SB2.4\Library\PackageCache\com.unity.visualscripting@1.7.8\Editor\VisualScripting.Core\Dependencies\YamlDotNet\Unity.VisualScripting.YamlDotNet.dll
Native extension for WindowsStandalone target not found
Native extension for WebGL target not found
Refreshing native plugins compatible for Editor in 223.11 ms, found 11 plugins.
Preloading 1 native plugins for Editor in 0.38 ms.
Package Manager log level set to [2]
System.Reflection.TargetInvocationException: Exception has been thrown by the target of an invocation. ---> System.NullReferenceException: Object reference not set to an instance of an object
  at Unity.XR.Oculus.OculusLoader.AssetPathToAbsolutePath (System.String assetPath) [0x0003d] in C:\Users\roman\OneDrive\Documents\GitHub\VR-Project-SB2.4\Library\PackageCache\com.unity.xr.oculus@3.0.2\Runtime\OculusLoader.cs:271 
  at Unity.XR.Oculus.OculusLoader.EditorLoadOVRPlugin () [0x0007b] in C:\Users\roman\OneDrive\Documents\GitHub\VR-Project-SB2.4\Library\PackageCache\com.unity.xr.oculus@3.0.2\Runtime\OculusLoader.cs:256 
  at (wrapper managed-to-native) System.Reflection.RuntimeMethodInfo.InternalInvoke(System.Reflection.RuntimeMethodInfo,object,object[],System.Exception&)
  at System.Reflection.RuntimeMethodInfo.Invoke (System.Object obj, System.Reflection.BindingFlags invokeAttr, System.Reflection.Binder binder, System.Object[] parameters, System.Globalization.CultureInfo culture) [0x0006a] in <9aad1b3a47484d63ba2b3985692d80e9>:0 
   --- End of inner exception stack trace ---
  at System.Reflection.RuntimeMethodInfo.Invoke (System.Object obj, System.Reflection.BindingFlags invokeAttr, System.Reflection.Binder binder, System.Object[] parameters, System.Globalization.CultureInfo culture) [0x00083] in <9aad1b3a47484d63ba2b3985692d80e9>:0 
  at System.Reflection.MethodBase.Invoke (System.Object obj, System.Object[] parameters) [0x00000] in <9aad1b3a47484d63ba2b3985692d80e9>:0 
  at UnityEditor.EditorAssemblies.ProcessInitializeOnLoadMethodAttributes () [0x000a5] in <0d6ce211ebbc47e1a35a84c3672ff58f>:0 
UnityEngine.StackTraceUtility:ExtractStackTrace ()
UnityEngine.DebugLogHandler:LogFormat (UnityEngine.LogType,UnityEngine.Object,string,object[])
UnityEngine.Logger:Log (UnityEngine.LogType,object)
UnityEngine.Debug:LogError (object)
UnityEditor.EditorAssemblies:ProcessInitializeOnLoadMethodAttributes ()

Mono: successfully reloaded assembly
- Completed reload, in  3.786 seconds
Domain Reload Profiling:
	ReloadAssembly (3787ms)
		BeginReloadAssembly (226ms)
			ExecutionOrderSort (0ms)
			DisableScriptedObjects (8ms)
			BackupInstance (0ms)
			ReleaseScriptingObjects (0ms)
			CreateAndSetChildDomain (28ms)
		EndReloadAssembly (3391ms)
			LoadAssemblies (260ms)
			RebuildTransferFunctionScriptingTraits (0ms)
			SetupTypeCache (476ms)
			ReleaseScriptCaches (1ms)
			RebuildScriptCaches (96ms)
			SetupLoadedEditorAssemblies (2504ms)
				LogAssemblyErrors (0ms)
				InitializePlatformSupportModulesInManaged (13ms)
				SetLoadedEditorAssemblies (0ms)
				RefreshPlugins (224ms)
				BeforeProcessingInitializeOnLoad (171ms)
				ProcessInitializeOnLoadAttributes (613ms)
				ProcessInitializeOnLoadMethodAttributes (1467ms)
				AfterProcessingInitializeOnLoad (16ms)
				EditorAssembliesLoaded (1ms)
			ExecutionOrderSort2 (0ms)
			AwakeInstancesAfterBackupRestoration (12ms)
Platform modules already initialized, skipping
========================================================================
Worker process is ready to serve import requests
Launched and connected shader compiler UnityShaderCompiler.exe after 0.17 seconds
Refreshing native plugins compatible for Editor in 1.93 ms, found 11 plugins.
Preloading 1 native plugins for Editor in 0.20 ms.
Unloading 4376 Unused Serialized files (Serialized files now loaded: 0)
Unloading 49 unused Assets / (112.5 KB). Loaded Objects now: 4819.
Memory consumption went from 151.7 MB to 151.6 MB.
Total: 6.985300 ms (FindLiveObjects: 0.919000 ms CreateObjectMapping: 0.483100 ms MarkObjects: 5.373200 ms  DeleteObjects: 0.208600 ms)

AssetImportParameters requested are different than current active one (requested -> active):
  custom:video-decoder-ogg-theora: a1e56fd34408186e4bbccfd4996cb3dc -> 
  custom:container-muxer-webm: aa71ff27fc2769a1b78a27578f13a17b -> 
  custom:container-demuxer-webm: 4f35f7cbe854078d1ac9338744f61a02 -> 
  custom:video-encoder-webm-vp8: eb34c28f22e8b96e1ab97ce403110664 -> 
  custom:video-codec-MediaFoundation-h265: 746d11721c4dcdbdad8f713fa42b33f4 -> 
  custom:audio-encoder-webm-vorbis: bf7c407c2cedff20999df2af8eb42d56 -> 
  custom:framework-win-MediaFoundation: 216162199b28c13a410421893ffa2e32 -> 
  custom:container-demuxer-ogg: 62fdf1f143b41e24485cea50d1cbac27 -> 
  custom:video-decoder-webm-vp8: 9c59270c3fd7afecdb556c50c9e8de78 -> 
  custom:audio-decoder-ogg-vorbis: bf7c407c2cedff20999df2af8eb42d56 -> 
========================================================================
Received Import Request.
  Time since last request: 1612.397668 seconds.
  path: Assets/FREE Food Pack/Prefabs/MeatBall.prefab
  artifactKey: Guid(0ba895ba2fb0b824798ba01dd8206fe7) Importer(815301076,1909f56bfc062723c751e8b465ee728b)
Start importing Assets/FREE Food Pack/Prefabs/MeatBall.prefab using Guid(0ba895ba2fb0b824798ba01dd8206fe7) Importer(815301076,1909f56bfc062723c751e8b465ee728b)  -> (artifact id: '2f21be48a5bfdfdb2d06be14c0c821f8') in 0.474906 seconds 
========================================================================
Received Import Request.
  Time since last request: 0.000049 seconds.
  path: Assets/FREE Food Pack/Prefabs/Maki.prefab
  artifactKey: Guid(bf960492e4c076c458d1ba649dc26577) Importer(815301076,1909f56bfc062723c751e8b465ee728b)
Start importing Assets/FREE Food Pack/Prefabs/Maki.prefab using Guid(bf960492e4c076c458d1ba649dc26577) Importer(815301076,1909f56bfc062723c751e8b465ee728b)  -> (artifact id: '3f8e2554877b8f5cc279ed6a305aefaf') in 0.170859 seconds 
========================================================================
Received Import Request.
  Time since last request: 0.000074 seconds.
  path: Assets/FREE Food Pack/Prefabs
  artifactKey: Guid(eb202cfff01ff3b4781697ecfd3852ed) Importer(815301076,1909f56bfc062723c751e8b465ee728b)
Start importing Assets/FREE Food Pack/Prefabs using Guid(eb202cfff01ff3b4781697ecfd3852ed) Importer(815301076,1909f56bfc062723c751e8b465ee728b)  -> (artifact id: '5771e76ffe019c6c2d4cd28f8964525b') in 0.125521 seconds 
========================================================================
Received Import Request.
  Time since last request: 0.001286 seconds.
  path: Assets/FREE Food Pack/Prefabs/Onigiri.prefab
  artifactKey: Guid(b93286b7dfa93834caec88d1044606c2) Importer(815301076,1909f56bfc062723c751e8b465ee728b)
Start importing Assets/FREE Food Pack/Prefabs/Onigiri.prefab using Guid(b93286b7dfa93834caec88d1044606c2) Importer(815301076,1909f56bfc062723c751e8b465ee728b)  -> (artifact id: 'd16fa6f6cbf29919568459d42ac9c4fe') in 0.420423 seconds 
========================================================================
Received Import Request.
  Time since last request: 0.000104 seconds.
  path: Assets/FREE Food Pack/Prefabs/Toast.prefab
  artifactKey: Guid(00a1a863a89404d46a228ffab189f332) Importer(815301076,1909f56bfc062723c751e8b465ee728b)
Start importing Assets/FREE Food Pack/Prefabs/Toast.prefab using Guid(00a1a863a89404d46a228ffab189f332) Importer(815301076,1909f56bfc062723c751e8b465ee728b)  -> (artifact id: 'bc2c86f1c3e5021d088c59a2512ec441') in 0.454125 seconds 
========================================================================
Received Import Request.
  Time since last request: 0.071076 seconds.
  path: Assets/FREE Food Pack/Prefabs/Tomato.prefab
  artifactKey: Guid(b29c3addc4240254785fef8671d1291b) Importer(815301076,1909f56bfc062723c751e8b465ee728b)
Start importing Assets/FREE Food Pack/Prefabs/Tomato.prefab using Guid(b29c3addc4240254785fef8671d1291b) Importer(815301076,1909f56bfc062723c751e8b465ee728b)  -> (artifact id: 'f2315612afbdfb1cbddd2b6cd835c3a2') in 0.153428 seconds 
========================================================================
Received Import Request.
  Time since last request: 0.000095 seconds.
  path: Assets/FREE Food Pack/Prefabs/Banana.prefab
  artifactKey: Guid(0550765fb22bb954ea0412b7153ff417) Importer(815301076,1909f56bfc062723c751e8b465ee728b)
Start importing Assets/FREE Food Pack/Prefabs/Banana.prefab using Guid(0550765fb22bb954ea0412b7153ff417) Importer(815301076,1909f56bfc062723c751e8b465ee728b)  -> (artifact id: '22eea642f0adf91e2203c24cac7a05b5') in 0.664725 seconds 
========================================================================
Received Import Request.
  Time since last request: 0.000072 seconds.
  path: Assets/FREE Food Pack/Prefabs/Mochi.prefab
  artifactKey: Guid(cc3c5a058e6bb634781860012b9aa683) Importer(815301076,1909f56bfc062723c751e8b465ee728b)
Start importing Assets/FREE Food Pack/Prefabs/Mochi.prefab using Guid(cc3c5a058e6bb634781860012b9aa683) Importer(815301076,1909f56bfc062723c751e8b465ee728b)  -> (artifact id: 'e0cc68b8800ad330448f805f63cb6cb7') in 0.153337 seconds 
========================================================================
Received Import Request.
  Time since last request: 0.000039 seconds.
  path: Assets/FREE Food Pack/Prefabs/Pizza.prefab
  artifactKey: Guid(2a79153a0e896724caa73afa19f708c8) Importer(815301076,1909f56bfc062723c751e8b465ee728b)
Start importing Assets/FREE Food Pack/Prefabs/Pizza.prefab using Guid(2a79153a0e896724caa73afa19f708c8) Importer(815301076,1909f56bfc062723c751e8b465ee728b)  -> (artifact id: 'dca993c764dc1dcfc628916b64c80d2a') in 0.317086 seconds 
========================================================================
Received Import Request.
  Time since last request: 0.000079 seconds.
  path: Assets/FREE Food Pack/Prefabs/Sushi.prefab
  artifactKey: Guid(44f60cf25f94eed4a98f3dcc6e5d04fc) Importer(815301076,1909f56bfc062723c751e8b465ee728b)
Start importing Assets/FREE Food Pack/Prefabs/Sushi.prefab using Guid(44f60cf25f94eed4a98f3dcc6e5d04fc) Importer(815301076,1909f56bfc062723c751e8b465ee728b)  -> (artifact id: 'b40e6e12268587fc1b97efa9736f6e3f') in 0.119812 seconds 
========================================================================
Received Import Request.
  Time since last request: 0.000059 seconds.
  path: Assets/FREE Food Pack/Prefabs/Muffin.prefab
  artifactKey: Guid(78dec3a2e9e50fc46882f9cc3751f692) Importer(815301076,1909f56bfc062723c751e8b465ee728b)
Start importing Assets/FREE Food Pack/Prefabs/Muffin.prefab using Guid(78dec3a2e9e50fc46882f9cc3751f692) Importer(815301076,1909f56bfc062723c751e8b465ee728b)  -> (artifact id: 'f2895cafad88939b6d8049a9b5f16e1c') in 0.107946 seconds 
========================================================================
Received Import Request.
  Time since last request: 0.000045 seconds.
  path: Assets/FREE Food Pack/Prefabs/Omelette.prefab
  artifactKey: Guid(9bd75eed56fa9054984b2ba5678076ea) Importer(815301076,1909f56bfc062723c751e8b465ee728b)
Start importing Assets/FREE Food Pack/Prefabs/Omelette.prefab using Guid(9bd75eed56fa9054984b2ba5678076ea) Importer(815301076,1909f56bfc062723c751e8b465ee728b)  -> (artifact id: '7e00b952321ab2cffce05aa93ed35570') in 0.099214 seconds 
========================================================================
Received Import Request.
  Time since last request: 0.000046 seconds.
  path: Assets/FREE Food Pack/Prefabs/Steak_Uncooked.prefab
  artifactKey: Guid(c50664c203e2d3d4bbe40a0ffea7d149) Importer(815301076,1909f56bfc062723c751e8b465ee728b)
Start importing Assets/FREE Food Pack/Prefabs/Steak_Uncooked.prefab using Guid(c50664c203e2d3d4bbe40a0ffea7d149) Importer(815301076,1909f56bfc062723c751e8b465ee728b)  -> (artifact id: '15a89b1a7cc7f779e5e4da08764e2cfd') in 0.055260 seconds 
========================================================================
Received Import Request.
  Time since last request: 0.000242 seconds.
  path: Assets/FREE Food Pack/Prefabs/Shrimp.prefab
  artifactKey: Guid(819bc2dc8cc285d4db64ae40568e2150) Importer(815301076,1909f56bfc062723c751e8b465ee728b)
Start importing Assets/FREE Food Pack/Prefabs/Shrimp.prefab using Guid(819bc2dc8cc285d4db64ae40568e2150) Importer(815301076,1909f56bfc062723c751e8b465ee728b)  -> (artifact id: '8edfe2ed38b40206c375c00b28fa3c73') in 0.095382 seconds 
========================================================================
Received Import Request.
  Time since last request: 0.000046 seconds.
  path: Assets/FREE Food Pack/Prefabs/Sausage.prefab
  artifactKey: Guid(43d9530894ffb9e468b06ef86dc4efa8) Importer(815301076,1909f56bfc062723c751e8b465ee728b)
Start importing Assets/FREE Food Pack/Prefabs/Sausage.prefab using Guid(43d9530894ffb9e468b06ef86dc4efa8) Importer(815301076,1909f56bfc062723c751e8b465ee728b)  -> (artifact id: '340fcee06c11a13b87b24b532b9b1fd7') in 0.070693 seconds 
========================================================================
Received Import Request.
  Time since last request: 0.000047 seconds.
  path: Assets/FREE Food Pack/Prefabs/Fries.prefab
  artifactKey: Guid(9b21be590f33e0d4ba19fec73ce555da) Importer(815301076,1909f56bfc062723c751e8b465ee728b)
Start importing Assets/FREE Food Pack/Prefabs/Fries.prefab using Guid(9b21be590f33e0d4ba19fec73ce555da) Importer(815301076,1909f56bfc062723c751e8b465ee728b)  -> (artifact id: '75a05c5243c25813ddb7617e7d21f834') in 0.130135 seconds 
========================================================================
Received Import Request.
  Time since last request: 0.000149 seconds.
  path: Assets/FREE Food Pack/Prefabs/Coconut.prefab
  artifactKey: Guid(45c7dddf851acbb4e94a8fc0ead66eed) Importer(815301076,1909f56bfc062723c751e8b465ee728b)
Start importing Assets/FREE Food Pack/Prefabs/Coconut.prefab using Guid(45c7dddf851acbb4e94a8fc0ead66eed) Importer(815301076,1909f56bfc062723c751e8b465ee728b)  -> (artifact id: 'c0db6da908ac214c3f22a45f3870b0b2') in 0.164637 seconds 
========================================================================
Received Import Request.
  Time since last request: 0.000054 seconds.
  path: Assets/FREE Food Pack/Prefabs/Avocado.prefab
  artifactKey: Guid(3245fc5926a7535429f2989cab01a844) Importer(815301076,1909f56bfc062723c751e8b465ee728b)
Start importing Assets/FREE Food Pack/Prefabs/Avocado.prefab using Guid(3245fc5926a7535429f2989cab01a844) Importer(815301076,1909f56bfc062723c751e8b465ee728b)  -> (artifact id: 'c20a68bfe7dea49a4abc7f9d11996c91') in 0.101431 seconds 
========================================================================
Received Import Request.
  Time since last request: 0.000046 seconds.
  path: Assets/FREE Food Pack/Prefabs/Cheese_02.prefab
  artifactKey: Guid(b7d70d80ddd390f41a1bdde5957f74f0) Importer(815301076,1909f56bfc062723c751e8b465ee728b)
Start importing Assets/FREE Food Pack/Prefabs/Cheese_02.prefab using Guid(b7d70d80ddd390f41a1bdde5957f74f0) Importer(815301076,1909f56bfc062723c751e8b465ee728b)  -> (artifact id: '7530439cca358b33bc83e5ac0d0b1c6a') in 0.064527 seconds 
