Using pre-set license
Built from '2021.3/staging' branch; Version is '2021.3.9f1 (ad3870b89536) revision 11352176'; Using compiler version '192829333'; Build Type 'Release'
OS: 'Windows 11  (10.0.22000) 64bit Core' Language: 'fr' Physical Memory: 7934 MB
BatchMode: 1, IsHumanControllingUs: 0, StartBugReporterOnCrash: 0, Is64bit: 1, IsPro: 1

COMMAND LINE ARGUMENTS:
C:\Program Files\Unity\Hub\Editor\2021.3.9f1\Editor\Unity.exe
-adb2
-batchMode
-noUpm
-name
AssetImportWorker2
-projectPath
C:/Users/roman/OneDrive/Documents/GitHub/VR-Project-SB2.4
-logFile
Logs/AssetImportWorker2.log
-srvPort
61214
Successfully changed project path to: C:/Users/roman/OneDrive/Documents/GitHub/VR-Project-SB2.4
C:/Users/roman/OneDrive/Documents/GitHub/VR-Project-SB2.4
[UnityMemory] Configuration Parameters - Can be set up in boot.config
    "memorysetup-bucket-allocator-granularity=16"
    "memorysetup-bucket-allocator-bucket-count=8"
    "memorysetup-bucket-allocator-block-size=33554432"
    "memorysetup-bucket-allocator-block-count=8"
    "memorysetup-main-allocator-block-size=16777216"
    "memorysetup-thread-allocator-block-size=16777216"
    "memorysetup-gfx-main-allocator-block-size=16777216"
    "memorysetup-gfx-thread-allocator-block-size=16777216"
    "memorysetup-cache-allocator-block-size=4194304"
    "memorysetup-typetree-allocator-block-size=2097152"
    "memorysetup-profiler-bucket-allocator-granularity=16"
    "memorysetup-profiler-bucket-allocator-bucket-count=8"
    "memorysetup-profiler-bucket-allocator-block-size=33554432"
    "memorysetup-profiler-bucket-allocator-block-count=8"
    "memorysetup-profiler-allocator-block-size=16777216"
    "memorysetup-profiler-editor-allocator-block-size=1048576"
    "memorysetup-temp-allocator-size-main=16777216"
    "memorysetup-job-temp-allocator-block-size=2097152"
    "memorysetup-job-temp-allocator-block-size-background=1048576"
    "memorysetup-job-temp-allocator-reduction-small-platforms=262144"
    "memorysetup-temp-allocator-size-background-worker=32768"
    "memorysetup-temp-allocator-size-job-worker=262144"
    "memorysetup-temp-allocator-size-preload-manager=33554432"
    "memorysetup-temp-allocator-size-nav-mesh-worker=65536"
    "memorysetup-temp-allocator-size-audio-worker=65536"
    "memorysetup-temp-allocator-size-cloud-worker=32768"
    "memorysetup-temp-allocator-size-gi-baking-worker=262144"
    "memorysetup-temp-allocator-size-gfx=262144"
Refreshing native plugins compatible for Editor in 242.85 ms, found 11 plugins.
Preloading 1 native plugins for Editor in 1.66 ms.
Initialize engine version: 2021.3.9f1 (ad3870b89536)
[Subsystems] Discovering subsystems at path C:/Program Files/Unity/Hub/Editor/2021.3.9f1/Editor/Data/Resources/UnitySubsystems
[Subsystems] Discovering subsystems at path C:/Users/roman/OneDrive/Documents/GitHub/VR-Project-SB2.4/Assets
GfxDevice: creating device client; threaded=0; jobified=0
Direct3D:
    Version:  Direct3D 11.0 [level 11.1]
    Renderer: Intel(R) Iris(R) Plus Graphics (ID=0x8a52)
    Vendor:   Intel
    VRAM:     3967 MB
    Driver:   30.0.100.9864
Initialize mono
Mono path[0] = 'C:/Program Files/Unity/Hub/Editor/2021.3.9f1/Editor/Data/Managed'
Mono path[1] = 'C:/Program Files/Unity/Hub/Editor/2021.3.9f1/Editor/Data/MonoBleedingEdge/lib/mono/unityjit-win32'
Mono config path = 'C:/Program Files/Unity/Hub/Editor/2021.3.9f1/Editor/Data/MonoBleedingEdge/etc'
Using monoOptions --debugger-agent=transport=dt_socket,embedding=1,server=y,suspend=n,address=127.0.0.1:56280
Begin MonoManager ReloadAssembly
Registering precompiled unity dll's ...
Register platform support module: C:/Program Files/Unity/Hub/Editor/2021.3.9f1/Editor/Data/PlaybackEngines/WebGLSupport/UnityEditor.WebGL.Extensions.dll
Register platform support module: C:/Program Files/Unity/Hub/Editor/2021.3.9f1/Editor/Data/PlaybackEngines/WindowsStandaloneSupport/UnityEditor.WindowsStandalone.Extensions.dll
Registered in 0.005847 seconds.
Native extension for WindowsStandalone target not found
Native extension for WebGL target not found
Refreshing native plugins compatible for Editor in 153.83 ms, found 11 plugins.
Preloading 1 native plugins for Editor in 0.11 ms.
Mono: successfully reloaded assembly
- Completed reload, in  0.903 seconds
Domain Reload Profiling:
	ReloadAssembly (904ms)
		BeginReloadAssembly (134ms)
			ExecutionOrderSort (0ms)
			DisableScriptedObjects (0ms)
			BackupInstance (0ms)
			ReleaseScriptingObjects (0ms)
			CreateAndSetChildDomain (2ms)
		EndReloadAssembly (640ms)
			LoadAssemblies (129ms)
			RebuildTransferFunctionScriptingTraits (0ms)
			SetupTypeCache (142ms)
			ReleaseScriptCaches (0ms)
			RebuildScriptCaches (36ms)
			SetupLoadedEditorAssemblies (404ms)
				LogAssemblyErrors (0ms)
				InitializePlatformSupportModulesInManaged (17ms)
				SetLoadedEditorAssemblies (0ms)
				RefreshPlugins (154ms)
				BeforeProcessingInitializeOnLoad (1ms)
				ProcessInitializeOnLoadAttributes (182ms)
				ProcessInitializeOnLoadMethodAttributes (49ms)
				AfterProcessingInitializeOnLoad (0ms)
				EditorAssembliesLoaded (0ms)
			ExecutionOrderSort2 (0ms)
			AwakeInstancesAfterBackupRestoration (0ms)
Platform modules already initialized, skipping
Registering precompiled user dll's ...
Registered in 0.028268 seconds.
Begin MonoManager ReloadAssembly
Symbol file LoadedFromMemory doesn't match image C:\Users\roman\OneDrive\Documents\GitHub\VR-Project-SB2.4\Library\PackageCache\com.unity.visualscripting@1.7.8\Editor\VisualScripting.Core\Dependencies\DotNetZip\Unity.VisualScripting.IonicZip.dll
Symbol file LoadedFromMemory doesn't match image C:\Users\roman\OneDrive\Documents\GitHub\VR-Project-SB2.4\Library\PackageCache\com.unity.visualscripting@1.7.8\Editor\VisualScripting.Core\Dependencies\YamlDotNet\Unity.VisualScripting.YamlDotNet.dll
Native extension for WindowsStandalone target not found
Native extension for WebGL target not found
Refreshing native plugins compatible for Editor in 109.60 ms, found 11 plugins.
Preloading 1 native plugins for Editor in 0.16 ms.
Package Manager log level set to [2]
System.Reflection.TargetInvocationException: Exception has been thrown by the target of an invocation. ---> System.NullReferenceException: Object reference not set to an instance of an object
  at Unity.XR.Oculus.OculusLoader.AssetPathToAbsolutePath (System.String assetPath) [0x0003d] in C:\Users\roman\OneDrive\Documents\GitHub\VR-Project-SB2.4\Library\PackageCache\com.unity.xr.oculus@3.0.2\Runtime\OculusLoader.cs:271 
  at Unity.XR.Oculus.OculusLoader.EditorLoadOVRPlugin () [0x0007b] in C:\Users\roman\OneDrive\Documents\GitHub\VR-Project-SB2.4\Library\PackageCache\com.unity.xr.oculus@3.0.2\Runtime\OculusLoader.cs:256 
  at (wrapper managed-to-native) System.Reflection.RuntimeMethodInfo.InternalInvoke(System.Reflection.RuntimeMethodInfo,object,object[],System.Exception&)
  at System.Reflection.RuntimeMethodInfo.Invoke (System.Object obj, System.Reflection.BindingFlags invokeAttr, System.Reflection.Binder binder, System.Object[] parameters, System.Globalization.CultureInfo culture) [0x0006a] in <9aad1b3a47484d63ba2b3985692d80e9>:0 
   --- End of inner exception stack trace ---
  at System.Reflection.RuntimeMethodInfo.Invoke (System.Object obj, System.Reflection.BindingFlags invokeAttr, System.Reflection.Binder binder, System.Object[] parameters, System.Globalization.CultureInfo culture) [0x00083] in <9aad1b3a47484d63ba2b3985692d80e9>:0 
  at System.Reflection.MethodBase.Invoke (System.Object obj, System.Object[] parameters) [0x00000] in <9aad1b3a47484d63ba2b3985692d80e9>:0 
  at UnityEditor.EditorAssemblies.ProcessInitializeOnLoadMethodAttributes () [0x000a5] in <0d6ce211ebbc47e1a35a84c3672ff58f>:0 
UnityEngine.StackTraceUtility:ExtractStackTrace ()
UnityEngine.DebugLogHandler:LogFormat (UnityEngine.LogType,UnityEngine.Object,string,object[])
UnityEngine.Logger:Log (UnityEngine.LogType,object)
UnityEngine.Debug:LogError (object)
UnityEditor.EditorAssemblies:ProcessInitializeOnLoadMethodAttributes ()

Mono: successfully reloaded assembly
- Completed reload, in  1.440 seconds
Domain Reload Profiling:
	ReloadAssembly (1441ms)
		BeginReloadAssembly (139ms)
			ExecutionOrderSort (0ms)
			DisableScriptedObjects (5ms)
			BackupInstance (0ms)
			ReleaseScriptingObjects (0ms)
			CreateAndSetChildDomain (20ms)
		EndReloadAssembly (1160ms)
			LoadAssemblies (170ms)
			RebuildTransferFunctionScriptingTraits (0ms)
			SetupTypeCache (290ms)
			ReleaseScriptCaches (1ms)
			RebuildScriptCaches (57ms)
			SetupLoadedEditorAssemblies (619ms)
				LogAssemblyErrors (0ms)
				InitializePlatformSupportModulesInManaged (46ms)
				SetLoadedEditorAssemblies (0ms)
				RefreshPlugins (110ms)
				BeforeProcessingInitializeOnLoad (102ms)
				ProcessInitializeOnLoadAttributes (316ms)
				ProcessInitializeOnLoadMethodAttributes (37ms)
				AfterProcessingInitializeOnLoad (7ms)
				EditorAssembliesLoaded (0ms)
			ExecutionOrderSort2 (0ms)
			AwakeInstancesAfterBackupRestoration (5ms)
Platform modules already initialized, skipping
========================================================================
Worker process is ready to serve import requests
Launched and connected shader compiler UnityShaderCompiler.exe after 0.34 seconds
Refreshing native plugins compatible for Editor in 0.79 ms, found 11 plugins.
Preloading 1 native plugins for Editor in 0.13 ms.
Unloading 4376 Unused Serialized files (Serialized files now loaded: 0)
Unloading 49 unused Assets / (112.9 KB). Loaded Objects now: 4823.
Memory consumption went from 152.3 MB to 152.2 MB.
Total: 3.350900 ms (FindLiveObjects: 0.292400 ms CreateObjectMapping: 0.135800 ms MarkObjects: 2.799500 ms  DeleteObjects: 0.122100 ms)

AssetImportParameters requested are different than current active one (requested -> active):
  custom:video-decoder-ogg-theora: a1e56fd34408186e4bbccfd4996cb3dc -> 
  custom:container-muxer-webm: aa71ff27fc2769a1b78a27578f13a17b -> 
  custom:container-demuxer-webm: 4f35f7cbe854078d1ac9338744f61a02 -> 
  custom:video-encoder-webm-vp8: eb34c28f22e8b96e1ab97ce403110664 -> 
  custom:video-codec-MediaFoundation-h265: 746d11721c4dcdbdad8f713fa42b33f4 -> 
  custom:audio-encoder-webm-vorbis: bf7c407c2cedff20999df2af8eb42d56 -> 
  custom:framework-win-MediaFoundation: 216162199b28c13a410421893ffa2e32 -> 
  custom:container-demuxer-ogg: 62fdf1f143b41e24485cea50d1cbac27 -> 
  custom:video-decoder-webm-vp8: 9c59270c3fd7afecdb556c50c9e8de78 -> 
  custom:audio-decoder-ogg-vorbis: bf7c407c2cedff20999df2af8eb42d56 -> 
========================================================================
Received Import Request.
  Time since last request: 3816.930995 seconds.
  path: Assets/ATLAS/Customizable Kitchen Pack/Textures
  artifactKey: Guid(873c1bd958d924c40836e58a3c08d258) Importer(815301076,1909f56bfc062723c751e8b465ee728b)
Start importing Assets/ATLAS/Customizable Kitchen Pack/Textures using Guid(873c1bd958d924c40836e58a3c08d258) Importer(815301076,1909f56bfc062723c751e8b465ee728b)  -> (artifact id: '22f9f1d78705ce2b14386edf68d6dc7c') in 0.026343 seconds 
========================================================================
Received Import Request.
  Time since last request: 2.605996 seconds.
  path: Assets/ATLAS/Customizable Kitchen Pack/Textures/Mapped
  artifactKey: Guid(6bd8a96b8120f674a977f3e85020ec64) Importer(815301076,1909f56bfc062723c751e8b465ee728b)
Start importing Assets/ATLAS/Customizable Kitchen Pack/Textures/Mapped using Guid(6bd8a96b8120f674a977f3e85020ec64) Importer(815301076,1909f56bfc062723c751e8b465ee728b)  -> (artifact id: 'dc0970111e6b4eb30b0c5d11fac041d8') in 0.021177 seconds 
========================================================================
Received Import Request.
  Time since last request: 1.965762 seconds.
  path: Assets/ATLAS/Customizable Kitchen Pack/Textures/Mapped/PNG
  artifactKey: Guid(224a5909dfc54bb4bac275d3fc590da4) Importer(815301076,1909f56bfc062723c751e8b465ee728b)
Start importing Assets/ATLAS/Customizable Kitchen Pack/Textures/Mapped/PNG using Guid(224a5909dfc54bb4bac275d3fc590da4) Importer(815301076,1909f56bfc062723c751e8b465ee728b)  -> (artifact id: 'a250633c3fbb26605d44ae0ac3184c54') in 0.016235 seconds 
========================================================================
Received Import Request.
  Time since last request: 0.110744 seconds.
  path: Assets/ATLAS/Customizable Kitchen Pack/Textures/Mapped/PNG/dishwasher1map_01.png
  artifactKey: Guid(c91a82e9fc5a53342a62e6c371aa4a52) Importer(815301076,1909f56bfc062723c751e8b465ee728b)
Start importing Assets/ATLAS/Customizable Kitchen Pack/Textures/Mapped/PNG/dishwasher1map_01.png using Guid(c91a82e9fc5a53342a62e6c371aa4a52) Importer(815301076,1909f56bfc062723c751e8b465ee728b)  -> (artifact id: 'c5f434888d4a360570e11e1388801f7b') in 0.100800 seconds 
========================================================================
Received Import Request.
  Time since last request: 0.000037 seconds.
  path: Assets/ATLAS/Customizable Kitchen Pack/Textures/Mapped/PNG/fridge1map_03.png
  artifactKey: Guid(dbb41d68003b532428dce5a7ecf3640b) Importer(815301076,1909f56bfc062723c751e8b465ee728b)
Start importing Assets/ATLAS/Customizable Kitchen Pack/Textures/Mapped/PNG/fridge1map_03.png using Guid(dbb41d68003b532428dce5a7ecf3640b) Importer(815301076,1909f56bfc062723c751e8b465ee728b)  -> (artifact id: '5a51617c454280b31d0937ded792b365') in 0.059459 seconds 
========================================================================
Received Import Request.
  Time since last request: 0.000032 seconds.
  path: Assets/ATLAS/Customizable Kitchen Pack/Textures/Mapped/PNG/fridge1map_01.png
  artifactKey: Guid(d043b4bd742d160449e1630d5540ab69) Importer(815301076,1909f56bfc062723c751e8b465ee728b)
Start importing Assets/ATLAS/Customizable Kitchen Pack/Textures/Mapped/PNG/fridge1map_01.png using Guid(d043b4bd742d160449e1630d5540ab69) Importer(815301076,1909f56bfc062723c751e8b465ee728b)  -> (artifact id: '215e928bfadf91fb5eb29f9a5b01c0a1') in 0.078772 seconds 
========================================================================
Received Import Request.
  Time since last request: 0.000084 seconds.
  path: Assets/ATLAS/Customizable Kitchen Pack/Textures/Mapped/PNG/stove1map_03.png
  artifactKey: Guid(dcecaa92269f79d4ca9b37a56ee03860) Importer(815301076,1909f56bfc062723c751e8b465ee728b)
Start importing Assets/ATLAS/Customizable Kitchen Pack/Textures/Mapped/PNG/stove1map_03.png using Guid(dcecaa92269f79d4ca9b37a56ee03860) Importer(815301076,1909f56bfc062723c751e8b465ee728b)  -> (artifact id: '1ffd8dea6f213c59386edf0dbf8d4937') in 0.060139 seconds 
========================================================================
Received Import Request.
  Time since last request: 7.603808 seconds.
  path: Assets/ATLAS/Customizable Kitchen Pack/Textures/Mapped/PSD
  artifactKey: Guid(2a956ba4a21281c45adc19cad23634b1) Importer(815301076,1909f56bfc062723c751e8b465ee728b)
Start importing Assets/ATLAS/Customizable Kitchen Pack/Textures/Mapped/PSD using Guid(2a956ba4a21281c45adc19cad23634b1) Importer(815301076,1909f56bfc062723c751e8b465ee728b)  -> (artifact id: '419c3140bc09ce1d2d9a8c3253b63e44') in 0.023865 seconds 
========================================================================
Received Import Request.
  Time since last request: 0.035617 seconds.
  path: Assets/ATLAS/Customizable Kitchen Pack/Textures/Mapped/PSD/dishwasher1map_01.psd
  artifactKey: Guid(10a04f72ca0b3fb4e986b198e4d8a35f) Importer(815301076,1909f56bfc062723c751e8b465ee728b)
Start importing Assets/ATLAS/Customizable Kitchen Pack/Textures/Mapped/PSD/dishwasher1map_01.psd using Guid(10a04f72ca0b3fb4e986b198e4d8a35f) Importer(815301076,1909f56bfc062723c751e8b465ee728b)  -> (artifact id: 'f1054135860f99a77f6657794569eb07') in 0.072404 seconds 
========================================================================
Received Import Request.
  Time since last request: 0.000187 seconds.
  path: Assets/ATLAS/Customizable Kitchen Pack/Textures/Mapped/PSD/fridge1map_01.psd
  artifactKey: Guid(78084da8de54d3a4287f8f08f5a32227) Importer(815301076,1909f56bfc062723c751e8b465ee728b)
Start importing Assets/ATLAS/Customizable Kitchen Pack/Textures/Mapped/PSD/fridge1map_01.psd using Guid(78084da8de54d3a4287f8f08f5a32227) Importer(815301076,1909f56bfc062723c751e8b465ee728b)  -> (artifact id: '388765ae9bdfae3a44a5421b61f8f5c2') in 0.070257 seconds 
========================================================================
Received Import Request.
  Time since last request: 0.000067 seconds.
  path: Assets/ATLAS/Customizable Kitchen Pack/Textures/Mapped/PSD/dishwasher1map_04.psd
  artifactKey: Guid(e20030c5018da394fad0cf41c463820f) Importer(815301076,1909f56bfc062723c751e8b465ee728b)
Start importing Assets/ATLAS/Customizable Kitchen Pack/Textures/Mapped/PSD/dishwasher1map_04.psd using Guid(e20030c5018da394fad0cf41c463820f) Importer(815301076,1909f56bfc062723c751e8b465ee728b)  -> (artifact id: '3539796f83e6e6279c99031fbb7b9f7e') in 0.041491 seconds 
========================================================================
Received Import Request.
  Time since last request: 0.000047 seconds.
  path: Assets/ATLAS/Customizable Kitchen Pack/Textures/Mapped/PSD/stove1map_04.psd
  artifactKey: Guid(d8d61b45527f1354d91a7fc5abae5073) Importer(815301076,1909f56bfc062723c751e8b465ee728b)
Start importing Assets/ATLAS/Customizable Kitchen Pack/Textures/Mapped/PSD/stove1map_04.psd using Guid(d8d61b45527f1354d91a7fc5abae5073) Importer(815301076,1909f56bfc062723c751e8b465ee728b)  -> (artifact id: '4f61953210ebbc1e7b5f4b3623ed269e') in 0.041957 seconds 
========================================================================
Received Import Request.
  Time since last request: 3.116007 seconds.
  path: Assets/ATLAS/Customizable Kitchen Pack/Textures/Seamless
  artifactKey: Guid(027b3e12ff43eba4bb4af81c82dd82ee) Importer(815301076,1909f56bfc062723c751e8b465ee728b)
Start importing Assets/ATLAS/Customizable Kitchen Pack/Textures/Seamless using Guid(027b3e12ff43eba4bb4af81c82dd82ee) Importer(815301076,1909f56bfc062723c751e8b465ee728b)  -> (artifact id: '1539d6e53614f67b01e225902ce188ff') in 0.017289 seconds 
========================================================================
Received Import Request.
  Time since last request: 4.409374 seconds.
  path: Assets/ATLAS/Customizable Kitchen Pack/Textures/Seamless/Formica
  artifactKey: Guid(86d4b314af2800240a6998907518881d) Importer(815301076,1909f56bfc062723c751e8b465ee728b)
Start importing Assets/ATLAS/Customizable Kitchen Pack/Textures/Seamless/Formica using Guid(86d4b314af2800240a6998907518881d) Importer(815301076,1909f56bfc062723c751e8b465ee728b)  -> (artifact id: 'd9f15e73439cfa002ff83e2a4ba70868') in 0.009871 seconds 
========================================================================
Received Import Request.
  Time since last request: 1.182618 seconds.
  path: Assets/ATLAS/Customizable Kitchen Pack/Textures/Seamless/Formica/PSD
  artifactKey: Guid(16dc52ddf8d327140af98d5bf3fd99ae) Importer(815301076,1909f56bfc062723c751e8b465ee728b)
Start importing Assets/ATLAS/Customizable Kitchen Pack/Textures/Seamless/Formica/PSD using Guid(16dc52ddf8d327140af98d5bf3fd99ae) Importer(815301076,1909f56bfc062723c751e8b465ee728b)  -> (artifact id: '1a2cb15176fe5571f7d9cda1aaabe952') in 0.018992 seconds 
========================================================================
Received Import Request.
  Time since last request: 1.317096 seconds.
  path: Assets/ATLAS/Customizable Kitchen Pack/Textures/Seamless/Formica/PSD/Countertop_Formica_Light001.psd
  artifactKey: Guid(6610e995d5ada714087e1d0d056d2cbd) Importer(815301076,1909f56bfc062723c751e8b465ee728b)
Start importing Assets/ATLAS/Customizable Kitchen Pack/Textures/Seamless/Formica/PSD/Countertop_Formica_Light001.psd using Guid(6610e995d5ada714087e1d0d056d2cbd) Importer(815301076,1909f56bfc062723c751e8b465ee728b)  -> (artifact id: '9c60c2822aa0c06bc408953194831d66') in 0.050801 seconds 
========================================================================
Received Import Request.
  Time since last request: 6.887879 seconds.
  path: Assets/ATLAS/Customizable Kitchen Pack/Materials
  artifactKey: Guid(c2e59706e8954bd4a8d0a3761b76647e) Importer(815301076,1909f56bfc062723c751e8b465ee728b)
Start importing Assets/ATLAS/Customizable Kitchen Pack/Materials using Guid(c2e59706e8954bd4a8d0a3761b76647e) Importer(815301076,1909f56bfc062723c751e8b465ee728b)  -> (artifact id: 'eedb90c68b94eb837c8a1f2f0ef3d811') in 0.016874 seconds 
========================================================================
Received Import Request.
  Time since last request: 1.529796 seconds.
  path: Assets/ATLAS/Customizable Kitchen Pack/Materials/Mapped
  artifactKey: Guid(c003d42e88e9fb349963bb049bf5a371) Importer(815301076,1909f56bfc062723c751e8b465ee728b)
Start importing Assets/ATLAS/Customizable Kitchen Pack/Materials/Mapped using Guid(c003d42e88e9fb349963bb049bf5a371) Importer(815301076,1909f56bfc062723c751e8b465ee728b)  -> (artifact id: '95ab7d343265b1c8a49db7c0f5dcee95') in 0.006353 seconds 
========================================================================
Received Import Request.
  Time since last request: 0.114957 seconds.
  path: Assets/ATLAS/Customizable Kitchen Pack/Materials/Mapped/Dishwashe_Red.mat
  artifactKey: Guid(617da2a415335124d86600858694b116) Importer(815301076,1909f56bfc062723c751e8b465ee728b)
Start importing Assets/ATLAS/Customizable Kitchen Pack/Materials/Mapped/Dishwashe_Red.mat using Guid(617da2a415335124d86600858694b116) Importer(815301076,1909f56bfc062723c751e8b465ee728b)  -> (artifact id: '974052e3d957403bb3cf4b7355e655b6') in 0.557346 seconds 
========================================================================
Received Import Request.
  Time since last request: 3.055854 seconds.
  path: Assets/ATLAS/Customizable Kitchen Pack/Materials/Seamless
  artifactKey: Guid(05abd9395de0a834dafe1353bbc352bc) Importer(815301076,1909f56bfc062723c751e8b465ee728b)
Start importing Assets/ATLAS/Customizable Kitchen Pack/Materials/Seamless using Guid(05abd9395de0a834dafe1353bbc352bc) Importer(815301076,1909f56bfc062723c751e8b465ee728b)  -> (artifact id: 'b556ca6093bea6f69f95c071a274cace') in 0.003664 seconds 
========================================================================
Received Import Request.
  Time since last request: 5.069457 seconds.
  path: Assets/ATLAS/Customizable Kitchen Pack/Models
  artifactKey: Guid(29d016d04c0609c47b71fa196ff83093) Importer(815301076,1909f56bfc062723c751e8b465ee728b)
Start importing Assets/ATLAS/Customizable Kitchen Pack/Models using Guid(29d016d04c0609c47b71fa196ff83093) Importer(815301076,1909f56bfc062723c751e8b465ee728b)  -> (artifact id: '72bfcb48bb2f3dba4f8e31b124b59223') in 0.016708 seconds 
========================================================================
Received Import Request.
  Time since last request: 0.087806 seconds.
  path: Assets/ATLAS/Customizable Kitchen Pack/Models/Cabinet.fbx
  artifactKey: Guid(7ebb90af5122d8d4b886e3d6bd847ed5) Importer(815301076,1909f56bfc062723c751e8b465ee728b)
Start importing Assets/ATLAS/Customizable Kitchen Pack/Models/Cabinet.fbx using Guid(7ebb90af5122d8d4b886e3d6bd847ed5) Importer(815301076,1909f56bfc062723c751e8b465ee728b)  -> (artifact id: '2c4fee478b244ada0a66283c1ae5efb6') in 0.151436 seconds 
========================================================================
Received Import Request.
  Time since last request: 0.000046 seconds.
  path: Assets/ATLAS/Customizable Kitchen Pack/Models/Counter_Corner.fbx
  artifactKey: Guid(1c7eee40b57852f4393d82d6b7856094) Importer(815301076,1909f56bfc062723c751e8b465ee728b)
Start importing Assets/ATLAS/Customizable Kitchen Pack/Models/Counter_Corner.fbx using Guid(1c7eee40b57852f4393d82d6b7856094) Importer(815301076,1909f56bfc062723c751e8b465ee728b)  -> (artifact id: '3fed5199b53bb3cc7335e64691ab0196') in 0.103921 seconds 
========================================================================
Received Import Request.
  Time since last request: 0.000064 seconds.
  path: Assets/ATLAS/Customizable Kitchen Pack/Models/Stove_Electric.fbx
  artifactKey: Guid(e597b95fbb486bb4aa724b67c33d33f2) Importer(815301076,1909f56bfc062723c751e8b465ee728b)
Start importing Assets/ATLAS/Customizable Kitchen Pack/Models/Stove_Electric.fbx using Guid(e597b95fbb486bb4aa724b67c33d33f2) Importer(815301076,1909f56bfc062723c751e8b465ee728b)  -> (artifact id: 'e884236cfaa27dc8b55f2d8834f58bfa') in 0.046253 seconds 
========================================================================
Received Import Request.
  Time since last request: 0.000042 seconds.
  path: Assets/ATLAS/Customizable Kitchen Pack/Models/Refrigerator.fbx
  artifactKey: Guid(73ad17e517a69b64cb73b044863f231c) Importer(815301076,1909f56bfc062723c751e8b465ee728b)
Start importing Assets/ATLAS/Customizable Kitchen Pack/Models/Refrigerator.fbx using Guid(73ad17e517a69b64cb73b044863f231c) Importer(815301076,1909f56bfc062723c751e8b465ee728b)  -> (artifact id: '7eb025163063d2b5fe82644e51ecd759') in 0.079853 seconds 
========================================================================
Received Import Request.
  Time since last request: 0.000044 seconds.
  path: Assets/ATLAS/Customizable Kitchen Pack/Models/Counter_4Drawer.fbx
  artifactKey: Guid(481005fd44d83654aa80cd7d8569b5e4) Importer(815301076,1909f56bfc062723c751e8b465ee728b)
Start importing Assets/ATLAS/Customizable Kitchen Pack/Models/Counter_4Drawer.fbx using Guid(481005fd44d83654aa80cd7d8569b5e4) Importer(815301076,1909f56bfc062723c751e8b465ee728b)  -> (artifact id: 'ea22217bbe47b8fa7cefa896c89d6308') in 0.177762 seconds 
